 =========================>     TALLY 1: FLUX     <=========================

 Incoming Energy [1e-05, 1.058283585339154e-05)
   Total Material
     Flux                                 0 +/- 0
 Incoming Energy [1.058283585339154e-05, 1.1199641469982942e-05)
   Total Material
     Flux                                 0 +/- 0
 Incoming Energy [1.1199641469982942e-05, 1.1852396729366596e-05)
   Total Material
     Flux                                 0 +/- 0
 Incoming Energy [1.1852396729366596e-05, 1.254319690561614e-05)
   Total Material
     Flux                                 0 +/- 0
 Incoming Energy [1.254319690561614e-05, 1.3274259392890431e-05)
   Total Material
     Flux                                 0 +/- 0
 Incoming Energy [1.3274259392890431e-05, 1.4047930823030026e-05)
   Total Material
     Flux                                 0 +/- 0
 Incoming Energy [1.4047930823030026e-05, 1.4866694597992626e-05)
   Total Material
     Flux                                 0 +/- 0
 Incoming Energy [1.4866694597992626e-05, 1.5733178861305835e-05)
   Total Material
     Flux                                 0 +/- 0
 Incoming Energy [1.5733178861305835e-05, 1.6650164934124926e-05)
   Total Material
     Flux                                 0 +/- 0
 Incoming Energy [1.6650164934124926e-05, 1.7620596242973984e-05)
   Total Material
     Flux                                 0 +/- 0
 Incoming Energy [1.7620596242973984e-05, 1.864758776782813e-05)
   Total Material
     Flux                                 0 +/- 0
 Incoming Energy [1.864758776782813e-05, 1.9734436040863702e-05)
   Total Material
     Flux                                 0 +/- 0
 Incoming Energy [1.9734436040863702e-05, 2.0884629727971414e-05)
   Total Material
     Flux                                 0 +/- 0
 Incoming Energy [2.0884629727971414e-05, 2.2101860826998267e-05)
   Total Material
     Flux                                 0 +/- 0
 Incoming Energy [2.2101860826998267e-05, 2.3390036518662722e-05)
   Total Material
     Flux                                 0 +/- 0
 Incoming Energy [2.3390036518662722e-05, 2.4753291708184126e-05)
   Total Material
     Flux                                 0 +/- 0
 Incoming Energy [2.4753291708184126e-05, 2.6196002297883046e-05)
   Total Material
     Flux                                 0 +/- 0
 Incoming Energy [2.6196002297883046e-05, 2.772279923335633e-05)
   Total Material
     Flux                                 0 +/- 0
 Incoming Energy [2.772279923335633e-05, 2.933858336831388e-05)
   Total Material
     Flux                                 0 +/- 0
 Incoming Energy [2.933858336831388e-05, 3.1048541195790885e-05)
   Total Material
     Flux                                 0 +/- 0
 Incoming Energy [3.1048541195790885e-05, 3.2858161496232e-05)
   Total Material
     Flux                                 0 +/- 0
 Incoming Energy [3.2858161496232e-05, 3.477325295588533e-05)
   Total Material
     Flux                                 0 +/- 0
 Incoming Energy [3.477325295588533e-05, 3.679996281205958e-05)
   Total Material
     Flux                                 0 +/- 0
 Incoming Energy [3.679996281205958e-05, 3.894479658509395e-05)
   Total Material
     Flux                                 0 +/- 0
 Incoming Energy [3.894479658509395e-05, 4.121463896037726e-05)
   Total Material
     Flux                                 0 +/- 0
 Incoming Energy [4.121463896037726e-05, 4.3616775887446824e-05)
   Total Material
     Flux                                 0 +/- 0
 Incoming Energy [4.3616775887446824e-05, 4.6158917967101585e-05)
   Total Material
     Flux                                 0 +/- 0
 Incoming Energy [4.6158917967101585e-05, 4.884922520160005e-05)
   Total Material
     Flux                                 0 +/- 0
 Incoming Energy [4.884922520160005e-05, 5.169633318738906e-05)
   Total Material
     Flux                                 0 +/- 0
 Incoming Energy [5.169633318738906e-05, 5.4709380834437574e-05)
   Total Material
     Flux                                 0 +/- 0
 Incoming Energy [5.4709380834437574e-05, 5.789803970115379e-05)
   Total Material
     Flux                                 0 +/- 0
 Incoming Energy [5.789803970115379e-05, 6.127254503904571e-05)
   Total Material
     Flux                                 0 +/- 0
 Incoming Energy [6.127254503904571e-05, 6.484372864677595e-05)
   Total Material
     Flux                                 0 +/- 0
 Incoming Energy [6.484372864677595e-05, 6.862305363906924e-05)
   Total Material
     Flux                                 0 +/- 0
 Incoming Energy [6.862305363906924e-05, 7.262265124207526e-05)
   Total Material
     Flux                                 0 +/- 0
 Incoming Energy [7.262265124207526e-05, 7.685535973329837e-05)
   Total Material
     Flux                                 0 +/- 0
 Incoming Energy [7.685535973329837e-05, 8.133476565108544e-05)
   Total Material
     Flux                                 0 +/- 0
 Incoming Energy [8.133476565108544e-05, 8.607524740595039e-05)
   Total Material
     Flux                                 0 +/- 0
 Incoming Energy [8.607524740595039e-05, 9.109202143372388e-05)
   Total Material
     Flux                                 0 +/- 0
 Incoming Energy [9.109202143372388e-05, 9.640119103867236e-05)
   Total Material
     Flux                                 0 +/- 0
 Incoming Energy [9.640119103867236e-05, 0.00010201979808337089)
   Total Material
     Flux                                 0 +/- 0
 Incoming Energy [0.00010201979808337089, 0.00010796587769124629)
   Total Material
     Flux                                 0 +/- 0
 Incoming Energy [0.00010796587769124629, 0.00011425851613738057)
   Total Material
     Flux                                 0 +/- 0
 Incoming Energy [0.00011425851613738057, 0.00012091791211339856)
   Total Material
     Flux                                 0 +/- 0
 Incoming Energy [0.00012091791211339856, 0.00012796544156309215)
   Total Material
     Flux                                 0 +/- 0
 Incoming Energy [0.00012796544156309215, 0.00013542372629689713)
   Total Material
     Flux                                 0 +/- 0
 Incoming Energy [0.00013542372629689713, 0.00014331670660546855)
   Total Material
     Flux                                 0 +/- 0
 Incoming Energy [0.00014331670660546855, 0.00015166971810543468)
   Total Material
     Flux                                 0 +/- 0
 Incoming Energy [0.00015166971810543468, 0.00016050957306399803)
   Total Material
     Flux                                 0 +/- 0
 Incoming Energy [0.00016050957306399803, 0.00016986464646342474)
   Total Material
     Flux                                 0 +/- 0
 Incoming Energy [0.00016986464646342474, 0.00017976496708168094)
   Total Material
     Flux                                 0 +/- 0
 Incoming Energy [0.00017976496708168094, 0.0001902423138815763)
   Total Material
     Flux                                 0 +/- 0
 Incoming Energy [0.0001902423138815763, 0.00020133031801781103)
   Total Material
     Flux                                 0 +/- 0
 Incoming Energy [0.00020133031801781103, 0.0002130645707893609)
   Total Material
     Flux                                 0 +/- 0
 Incoming Energy [0.0002130645707893609, 0.0002254827378837128)
   Total Material
     Flux                                 4.84628e-07 +/- 4.84628e-07
 Incoming Energy [0.0002254827378837128, 0.00023862468027966425)
   Total Material
     Flux                                 0 +/- 0
 Incoming Energy [0.00023862468027966425, 0.0002525325821967724)
   Total Material
     Flux                                 0 +/- 0
 Incoming Energy [0.0002525325821967724, 0.00026725108650215454)
   Total Material
     Flux                                 0 +/- 0
 Incoming Energy [0.00026725108650215454, 0.0002828274380092842)
   Total Material
     Flux                                 0 +/- 0
 Incoming Energy [0.0002828274380092842, 0.00029931163512875256)
   Total Material
     Flux                                 0 +/- 0
 Incoming Energy [0.00029931163512875256, 0.0003167565903577809)
   Total Material
     Flux                                 0 +/- 0
 Incoming Energy [0.0003167565903577809, 0.00033521830012363805)
   Total Material
     Flux                                 0 +/- 0
 Incoming Energy [0.00033521830012363805, 0.0003547560245261398)
   Total Material
     Flux                                 0 +/- 0
 Incoming Energy [0.0003547560245261398, 0.00037543247755618766)
   Total Material
     Flux                                 0 +/- 0
 Incoming Energy [0.00037543247755618766, 0.0003973140284009237)
   Total Material
     Flux                                 0 +/- 0
 Incoming Energy [0.0003973140284009237, 0.00042047091448167196)
   Total Material
     Flux                                 1.99593e-05 +/- 1.99593e-05
 Incoming Energy [0.00042047091448167196, 0.00044497746690849656)
   Total Material
     Flux                                 0 +/- 0
 Incoming Energy [0.00044497746690849656, 0.00047091234907505796)
   Total Material
     Flux                                 1.03894e-06 +/- 1.03894e-06
 Incoming Energy [0.00047091234907505796, 0.000498358809159635)
   Total Material
     Flux                                 0 +/- 0
 Incoming Energy [0.000498358809159635, 0.0005274049473428096)
   Total Material
     Flux                                 0 +/- 0
 Incoming Energy [0.0005274049473428096, 0.0005581439985995563)
   Total Material
     Flux                                 6.44236e-06 +/- 6.44236e-06
 Incoming Energy [0.0005581439985995563, 0.0005906746319734701)
   Total Material
     Flux                                 0 +/- 0
 Incoming Energy [0.0005906746319734701, 0.0006251012672937686)
   Total Material
     Flux                                 6.56009e-06 +/- 6.56009e-06
 Incoming Energy [0.0006251012672937686, 0.0006615344103516975)
   Total Material
     Flux                                 0 +/- 0
 Incoming Energy [0.0006615344103516975, 0.0007000910076122174)
   Total Material
     Flux                                 0 +/- 0
 Incoming Energy [0.0007000910076122174, 0.0007408948215995583)
   Total Material
     Flux                                 0 +/- 0
 Incoming Energy [0.0007408948215995583, 0.0007840768281615934)
   Total Material
     Flux                                 0 +/- 0
 Incoming Energy [0.0007840768281615934, 0.0008297756368882018)
   Total Material
     Flux                                 2.39876e-05 +/- 1.7691e-05
 Incoming Energy [0.0008297756368882018, 0.0008781379360331252)
   Total Material
     Flux                                 6.98573e-06 +/- 6.98573e-06
 Incoming Energy [0.0008781379360331252, 0.0009293189633674604)
   Total Material
     Flux                                 0 +/- 0
 Incoming Energy [0.0009293189633674604, 0.0009834830044761819)
   Total Material
     Flux                                 0 +/- 0
 Incoming Energy [0.0009834830044761819, 0.0010408039200971756)
   Total Material
     Flux                                 0 +/- 0
 Incoming Energy [0.0010408039200971756, 0.0011014657041954854)
   Total Material
     Flux                                 2.44068e-06 +/- 2.44068e-06
 Incoming Energy [0.0011014657041954854, 0.0011656630745641142)
   Total Material
     Flux                                 0 +/- 0
 Incoming Energy [0.0011656630745641142, 0.0012336020978471708)
   Total Material
     Flux                                 0 +/- 0
 Incoming Energy [0.0012336020978471708, 0.0013055008509916058)
   Total Material
     Flux                                 1.39988e-06 +/- 1.39988e-06
 Incoming Energy [0.0013055008509916058, 0.0013815901212507115)
   Total Material
     Flux                                 1.79362e-08 +/- 1.79362e-08
 Incoming Energy [0.0013815901212507115, 0.0014621141469863593)
   Total Material
     Flux                                 0 +/- 0
 Incoming Energy [0.0014621141469863593, 0.001547331401647823)
   Total Material
     Flux                                 1.62909e-05 +/- 1.62909e-05
 Incoming Energy [0.001547331401647823, 0.0016375154234437147)
   Total Material
     Flux                                 0 +/- 0
 Incoming Energy [0.0016375154234437147, 0.0017329556933701772)
   Total Material
     Flux                                 3.78438e-05 +/- 3.56163e-05
 Incoming Energy [0.0017329556933701772, 0.0018339585644136886)
   Total Material
     Flux                                 4.74754e-05 +/- 3.8434e-05
 Incoming Energy [0.0018339585644136886, 0.001940848244911166)
   Total Material
     Flux                                 7.90554e-05 +/- 4.19031e-05
 Incoming Energy [0.001940848244911166, 0.002053967839223793)
   Total Material
     Flux                                 4.08914e-05 +/- 2.07324e-05
 Incoming Energy [0.002053967839223793, 0.0021736804490650684)
   Total Material
     Flux                                 4.68508e-05 +/- 3.86232e-05
 Incoming Energy [0.0021736804490650684, 0.0023003703390182023)
   Total Material
     Flux                                 4.95556e-05 +/- 2.39999e-05
 Incoming Energy [0.0023003703390182023, 0.0024344441699840256)
   Total Material
     Flux                                 0 +/- 0
 Incoming Energy [0.0024344441699840256, 0.002576332304518695)
   Total Material
     Flux                                 3.2693e-05 +/- 2.56373e-05
 Incoming Energy [0.002576332304518695, 0.0027264901882511298)
   Total Material
     Flux                                 7.54315e-05 +/- 3.82814e-05
 Incoming Energy [0.0027264901882511298, 0.002885399811814427)
   Total Material
     Flux                                 2.05966e-05 +/- 1.3226e-05
 Incoming Energy [0.002885399811814427, 0.0030535712579838918)
   Total Material
     Flux                                 0.000107161 +/- 3.649e-05
 Incoming Energy [0.0030535712579838918, 0.0032315443389877804)
   Total Material
     Flux                                 0.000191467 +/- 0.000118917
 Incoming Energy [0.0032315443389877804, 0.003419890329246434)
   Total Material
     Flux                                 8.81088e-05 +/- 4.25245e-05
 Incoming Energy [0.003419890329246434, 0.0036192137991016156)
   Total Material
     Flux                                 0.000102075 +/- 4.31434e-05
 Incoming Energy [0.0036192137991016156, 0.003830154555422194)
   Total Material
     Flux                                 0.000138874 +/- 6.80868e-05
 Incoming Energy [0.003830154555422194, 0.0040533896953152924)
   Total Material
     Flux                                 0.000172762 +/- 7.54868e-05
 Incoming Energy [0.0040533896953152924, 0.004289635779535044)
   Total Material
     Flux                                 0.000224552 +/- 0.000125112
 Incoming Energy [0.004289635779535044, 0.0045396511325654625)
   Total Material
     Flux                                 0.000209767 +/- 5.98797e-05
 Incoming Energy [0.0045396511325654625, 0.004804238276760328)
   Total Material
     Flux                                 0.000146564 +/- 5.29373e-05
 Incoming Energy [0.004804238276760328, 0.0050842465083535135)
   Total Material
     Flux                                 0.000148086 +/- 4.36241e-05
 Incoming Energy [0.0050842465083535135, 0.0053805746236084305)
   Total Material
     Flux                                 0.000225439 +/- 5.73795e-05
 Incoming Energy [0.0053805746236084305, 0.005694173803857192)
   Total Material
     Flux                                 0.000352552 +/- 0.000123748
 Incoming Energy [0.005694173803857192, 0.0060260506686902774)
   Total Material
     Flux                                 0.000319812 +/- 0.000105451
 Incoming Energy [0.0060260506686902774, 0.006377270507096952)
   Total Material
     Flux                                 0.000273233 +/- 7.43086e-05
 Incoming Energy [0.006377270507096952, 0.0067489606969282)
   Total Material
     Flux                                 0.000398706 +/- 0.000127526
 Incoming Energy [0.0067489606969282, 0.00714231432365821)
   Total Material
     Flux                                 0.000639095 +/- 0.000154049
 Incoming Energy [0.00714231432365821, 0.007558594010060197)
   Total Material
     Flux                                 0.000297725 +/- 8.65754e-05
 Incoming Energy [0.007558594010060197, 0.007999135969089558)
   Total Material
     Flux                                 0.000376126 +/- 9.50992e-05
 Incoming Energy [0.007999135969089558, 0.008465354292983484)
   Total Material
     Flux                                 0.000372919 +/- 8.1365e-05
 Incoming Energy [0.008465354292983484, 0.00895874549234475)
   Total Material
     Flux                                 0.000824343 +/- 0.000245801
 Incoming Energy [0.00895874549234475, 0.009480893299779585)
   Total Material
     Flux                                 0.000641372 +/- 0.000147417
 Incoming Energy [0.009480893299779585, 0.01003347375350869)
   Total Material
     Flux                                 0.000872353 +/- 0.000160231
 Incoming Energy [0.01003347375350869, 0.010618260577269476)
   Total Material
     Flux                                 0.00116718 +/- 0.000163633
 Incoming Energy [0.010618260577269476, 0.011237130873778135)
   Total Material
     Flux                                 0.000704949 +/- 0.00014811
 Incoming Energy [0.011237130873778135, 0.011892071150027212)
   Total Material
     Flux                                 0.0010625 +/- 0.000213132
 Incoming Energy [0.011892071150027212, 0.012585183693759112)
   Total Material
     Flux                                 0.00128691 +/- 0.000186318
 Incoming Energy [0.012585183693759112, 0.013318693321583235)
   Total Material
     Flux                                 0.0013878 +/- 0.000187982
 Incoming Energy [0.013318693321583235, 0.01409495452039775)
   Total Material
     Flux                                 0.00147987 +/- 0.000221418
 Incoming Energy [0.01409495452039775, 0.014916459005038846)
   Total Material
     Flux                                 0.00151643 +/- 0.000178874
 Incoming Energy [0.014916459005038846, 0.015785843716417003)
   Total Material
     Flux                                 0.00133636 +/- 0.000178797
 Incoming Energy [0.015785843716417003, 0.016705899285813338)
   Total Material
     Flux                                 0.00235147 +/- 0.000308796
 Incoming Energy [0.016705899285813338, 0.017679578992505333)
   Total Material
     Flux                                 0.00249725 +/- 0.000362084
 Incoming Energy [0.017679578992505333, 0.018710008243475327)
   Total Material
     Flux                                 0.00247003 +/- 0.000294663
 Incoming Energy [0.018710008243475327, 0.019800494605630194)
   Total Material
     Flux                                 0.00304332 +/- 0.000329857
 Incoming Energy [0.019800494605630194, 0.020954538422734877)
   Total Material
     Flux                                 0.0033004 +/- 0.000418176
 Incoming Energy [0.020954538422734877, 0.022175844051138923)
   Total Material
     Flux                                 0.00405468 +/- 0.000397648
 Incoming Energy [0.022175844051138923, 0.023468331750361223)
   Total Material
     Flux                                 0.00407884 +/- 0.000409458
 Incoming Energy [0.023468331750361223, 0.024836150266700975)
   Total Material
     Flux                                 0.00452193 +/- 0.000520436
 Incoming Energy [0.024836150266700975, 0.02628369015026629)
   Total Material
     Flux                                 0.00511569 +/- 0.000427784
 Incoming Energy [0.02628369015026629, 0.027815597848167187)
   Total Material
     Flux                                 0.00636881 +/- 0.000619782
 Incoming Energy [0.027815597848167187, 0.029436790619110424)
   Total Material
     Flux                                 0.0064806 +/- 0.000676639
 Incoming Energy [0.029436790619110424, 0.031152472317270117)
   Total Material
     Flux                                 0.00757493 +/- 0.000670887
 Incoming Energy [0.031152472317270117, 0.03296815009609936)
   Total Material
     Flux                                 0.00787503 +/- 0.000597815
 Incoming Energy [0.03296815009609936, 0.0348896520856994)
   Total Material
     Flux                                 0.00864688 +/- 0.000611224
 Incoming Energy [0.0348896520856994, 0.036923146100489614)
   Total Material
     Flux                                 0.00891123 +/- 0.000579313
 Incoming Energy [0.036923146100489614, 0.039075159437227544)
   Total Material
     Flux                                 0.0106088 +/- 0.000624656
 Incoming Energy [0.039075159437227544, 0.041352599826928196)
   Total Material
     Flux                                 0.0118179 +/- 0.00112075
 Incoming Energy [0.041352599826928196, 0.04376277760793685)
   Total Material
     Flux                                 0.0120099 +/- 0.000887038
 Incoming Energy [0.04376277760793685, 0.04631342919132745)
   Total Material
     Flux                                 0.0130991 +/- 0.000957386
 Incoming Energy [0.04631342919132745, 0.04901274189394899)
   Total Material
     Flux                                 0.0151006 +/- 0.00146602
 Incoming Energy [0.04901274189394899, 0.05186938021883089)
   Total Material
     Flux                                 0.0155855 +/- 0.00137105
 Incoming Energy [0.05186938021883089, 0.054892513667304084)
   Total Material
     Flux                                 0.01725 +/- 0.00147526
 Incoming Energy [0.054892513667304084, 0.058091846172113076)
   Total Material
     Flux                                 0.0198206 +/- 0.000835656
 Incoming Energy [0.058091846172113076, 0.06147764724599442)
   Total Material
     Flux                                 0.0193002 +/- 0.00127089
 Incoming Energy [0.06147764724599442, 0.06506078494570668)
   Total Material
     Flux                                 0.0209511 +/- 0.00152386
 Incoming Energy [0.06506078494570668, 0.0688527607573221)
   Total Material
     Flux                                 0.0213237 +/- 0.00135931
 Incoming Energy [0.0688527607573221, 0.07286574651475776)
   Total Material
     Flux                                 0.0258466 +/- 0.00224887
 Incoming Energy [0.07286574651475776, 0.0771126234700518)
   Total Material
     Flux                                 0.0275677 +/- 0.00215072
 Incoming Energy [0.0771126234700518, 0.0816070236407946)
   Total Material
     Flux                                 0.0278381 +/- 0.00188485
 Incoming Energy [0.0816070236407946, 0.08636337356743712)
   Total Material
     Flux                                 0.0294356 +/- 0.00200219
 Incoming Energy [0.08636337356743712, 0.09139694062093207)
   Total Material
     Flux                                 0.0312389 +/- 0.00142247
 Incoming Energy [0.09139694062093207, 0.09672388200934963)
   Total Material
     Flux                                 0.033107 +/- 0.00213826
 Incoming Energy [0.09672388200934963, 0.10236129664077592)
   Total Material
     Flux                                 0.0353948 +/- 0.0024175
 Incoming Energy [0.10236129664077592, 0.10832728000896481)
   Total Material
     Flux                                 0.0331679 +/- 0.00209832
 Incoming Energy [0.10832728000896481, 0.11464098227792573)
   Total Material
     Flux                                 0.0366774 +/- 0.00269634
 Incoming Energy [0.11464098227792573, 0.12132266975188563)
   Total Material
     Flux                                 0.0370446 +/- 0.00288411
 Incoming Energy [0.12132266975188563, 0.12839378992794365)
   Total Material
     Flux                                 0.0392962 +/- 0.002238
 Incoming Energy [0.12839378992794365, 0.13587704034022635)
   Total Material
     Flux                                 0.0404711 +/- 0.00231425
 Incoming Energy [0.13587704034022635, 0.14379644141652728)
   Total Material
     Flux                                 0.0433965 +/- 0.00288592
 Incoming Energy [0.14379644141652728, 0.1521774135812941)
   Total Material
     Flux                                 0.044346 +/- 0.00260983
 Incoming Energy [0.1521774135812941, 0.16104685885245115)
   Total Material
     Flux                                 0.0421376 +/- 0.0020689
 Incoming Energy [0.16104685885245115, 0.17043324719398067)
   Total Material
     Flux                                 0.0435567 +/- 0.00215035
 Incoming Energy [0.17043324719398067, 0.18036670790144016)
   Total Material
     Flux                                 0.0452303 +/- 0.00278515
 Incoming Energy [0.18036670790144016, 0.1908791263137556)
   Total Material
     Flux                                 0.0456521 +/- 0.00301167
 Incoming Energy [0.1908791263137556, 0.2020042461617265)
   Total Material
     Flux                                 0.0453742 +/- 0.00319058
 Incoming Energy [0.2020042461617265, 0.21377777788176494)
   Total Material
     Flux                                 0.0452894 +/- 0.0029704
 Incoming Energy [0.21377777788176494, 0.22623751324255145)
   Total Material
     Flux                                 0.0439547 +/- 0.00265131
 Incoming Energy [0.22623751324255145, 0.23942344665254167)
   Total Material
     Flux                                 0.0446929 +/- 0.00258585
 Incoming Energy [0.23942344665254167, 0.2533779035377089)
   Total Material
     Flux                                 0.0453776 +/- 0.00295232
 Incoming Energy [0.2533779035377089, 0.26814567620160484)
   Total Material
     Flux                                 0.044704 +/- 0.00265568
 Incoming Energy [0.26814567620160484, 0.28377416760382623)
   Total Material
     Flux                                 0.0417295 +/- 0.00253787
 Incoming Energy [0.28377416760382623, 0.3003135435184112)
   Total Material
     Flux                                 0.0424801 +/- 0.00273704
 Incoming Energy [0.3003135435184112, 0.3178168935605702)
   Total Material
     Flux                                 0.0414524 +/- 0.00263273
 Incoming Energy [0.3178168935605702, 0.3363404015986318)
   Total Material
     Flux                                 0.0402152 +/- 0.00289961
 Incoming Energy [0.3363404015986318, 0.35594352609821095)
   Total Material
     Flux                                 0.0397006 +/- 0.00288018
 Incoming Energy [0.35594352609821095, 0.3766891909774754)
   Total Material
     Flux                                 0.0377447 +/- 0.00266049
 Incoming Energy [0.3766891909774754, 0.3986439875861479)
   Total Material
     Flux                                 0.0386659 +/- 0.00267723
 Incoming Energy [0.3986439875861479, 0.4218783884565657)
   Total Material
     Flux                                 0.0374576 +/- 0.00241331
 Incoming Energy [0.4218783884565657, 0.4464669735129178)
   Total Material
     Flux                                 0.0394794 +/- 0.0027882
 Incoming Energy [0.4464669735129178, 0.4724886694647717)
   Total Material
     Flux                                 0.0375276 +/- 0.00303438
 Incoming Energy [0.4724886694647717, 0.500027003153305)
   Total Material
     Flux                                 0.0365755 +/- 0.00207858
 Incoming Energy [0.500027003153305, 0.529170369663472)
   Total Material
     Flux                                 0.0368308 +/- 0.00192917
 Incoming Energy [0.529170369663472, 0.5600123160627045)
   Total Material
     Flux                                 0.0385493 +/- 0.00214454
 Incoming Energy [0.5600123160627045, 0.5926518416769212)
   Total Material
     Flux                                 0.0394169 +/- 0.0023254
 Incoming Energy [0.5926518416769212, 0.6271937158677048)
   Total Material
     Flux                                 0.036543 +/- 0.00209462
 Incoming Energy [0.6271937158677048, 0.6637488143306611)
   Total Material
     Flux                                 0.0367848 +/- 0.00232716
 Incoming Energy [0.6637488143306611, 0.7024344749944644)
   Total Material
     Flux                                 0.0373243 +/- 0.00175439
 Incoming Energy [0.7024344749944644, 0.743374874662968)
   Total Material
     Flux                                 0.03499 +/- 0.00215575
 Incoming Energy [0.743374874662968, 0.7867014276093683)
   Total Material
     Flux                                 0.0364813 +/- 0.00232712
 Incoming Energy [0.7867014276093683, 0.8325532074018732)
   Total Material
     Flux                                 0.0375872 +/- 0.00234651
 Incoming Energy [0.8325532074018732, 0.8810773933148666)
   Total Material
     Flux                                 0.0379158 +/- 0.0029811
 Incoming Energy [0.8810773933148666, 0.9324297427585329)
   Total Material
     Flux                                 0.0376733 +/- 0.00185678
 Incoming Energy [0.9324297427585329, 0.986775091243365)
   Total Material
     Flux                                 0.0357691 +/- 0.0024746
 Incoming Energy [0.986775091243365, 1.044287881484397)
   Total Material
     Flux                                 0.0357648 +/- 0.0019559
 Incoming Energy [1.044287881484397, 1.105152723343537)
   Total Material
     Flux                                 0.0377408 +/- 0.00282602
 Incoming Energy [1.105152723343537, 1.1695649864073283)
   Total Material
     Flux                                 0.0384128 +/- 0.00230588
 Incoming Energy [1.1695649864073283, 1.2377314271022861)
   Total Material
     Flux                                 0.0399922 +/- 0.00277011
 Incoming Energy [1.2377314271022861, 1.309870852360755)
   Total Material
     Flux                                 0.0389746 +/- 0.00222405
 Incoming Energy [1.309870852360755, 1.3862148219675905)
   Total Material
     Flux                                 0.0413269 +/- 0.0020962
 Incoming Energy [1.3862148219675905, 1.4670083918421386)
   Total Material
     Flux                                 0.0423878 +/- 0.00262094
 Incoming Energy [1.4670083918421386, 1.5525109006413247)
   Total Material
     Flux                                 0.0422567 +/- 0.00289881
 Incoming Energy [1.5525109006413247, 1.64299680220882)
   Total Material
     Flux                                 0.0422696 +/- 0.00320922
 Incoming Energy [1.64299680220882, 1.7387565465423147)
   Total Material
     Flux                                 0.0413331 +/- 0.00275048
 Incoming Energy [1.7387565465423147, 1.8400975121067225)
   Total Material
     Flux                                 0.043721 +/- 0.00256314
 Incoming Energy [1.8400975121067225, 1.9473449924859594)
   Total Material
     Flux                                 0.0447811 +/- 0.00307136
 Incoming Energy [1.9473449924859594, 2.060843240540289)
   Total Material
     Flux                                 0.0443967 +/- 0.0024915
 Incoming Energy [2.060843240540289, 2.180956573420937)
   Total Material
     Flux                                 0.042397 +/- 0.00202451
 Incoming Energy [2.180956573420937, 2.3080705419889047)
   Total Material
     Flux                                 0.046295 +/- 0.0027326
 Incoming Energy [2.3080705419889047, 2.4425931683916975)
   Total Material
     Flux                                 0.0433837 +/- 0.00282032
 Incoming Energy [2.4425931683916975, 2.5849562557704893)
   Total Material
     Flux                                 0.0443415 +/- 0.00240484
 Incoming Energy [2.5849562557704893, 2.735616774301668)
   Total Material
     Flux                                 0.0434594 +/- 0.00261946
 Incoming Energy [2.735616774301668, 2.8950583280219)
   Total Material
     Flux                                 0.0446748 +/- 0.00270322
 Incoming Energy [2.8950583280219, 3.0637927071449926)
   Total Material
     Flux                                 0.0466783 +/- 0.00386123
 Incoming Energy [3.0637927071449926, 3.2423615308533487)
   Total Material
     Flux                                 0.0467092 +/- 0.0027519
 Incoming Energy [3.2423615308533487, 3.4313379858372293)
   Total Material
     Flux                                 0.0448659 +/- 0.00307173
 Incoming Energy [3.4313379858372293, 3.6313286661622537)
   Total Material
     Flux                                 0.0465725 +/- 0.00299665
 Incoming Energy [3.6313286661622537, 3.8429755203710374)
   Total Material
     Flux                                 0.0456929 +/- 0.00325052
 Incoming Energy [3.8429755203710374, 4.066957912068862)
   Total Material
     Flux                                 0.0473261 +/- 0.00251136
 Incoming Energy [4.066957912068862, 4.303994800607666)
   Total Material
     Flux                                 0.0489681 +/- 0.00363734
 Incoming Energy [4.303994800607666, 4.554847048868157)
   Total Material
     Flux                                 0.04761 +/- 0.00244143
 Incoming Energy [4.554847048868157, 4.820319865547658)
   Total Material
     Flux                                 0.0511693 +/- 0.00298803
 Incoming Energy [4.820319865547658, 5.101265389793324)
   Total Material
     Flux                                 0.0475806 +/- 0.00317667
 Incoming Energy [5.101265389793324, 5.398585426477014)
   Total Material
     Flux                                 0.0503217 +/- 0.00224146
 Incoming Energy [5.398585426477014, 5.7132343408917885)
   Total Material
     Flux                                 0.0504949 +/- 0.00346484
 Incoming Energy [5.7132343408917885, 6.04622212216174)
   Total Material
     Flux                                 0.0505356 +/- 0.00296133
 Incoming Energy [6.04622212216174, 6.398617625198233)
   Total Material
     Flux                                 0.0494452 +/- 0.00272516
 Incoming Energy [6.398617625198233, 6.771552001609089)
   Total Material
     Flux                                 0.0517475 +/- 0.00301081
 Incoming Energy [6.771552001609089, 7.16622233057339)
   Total Material
     Flux                                 0.0503103 +/- 0.00262397
 Incoming Energy [7.16622233057339, 7.5838954613367)
   Total Material
     Flux                                 0.0512392 +/- 0.00310472
 Incoming Energy [7.5838954613367, 8.025912079660738)
   Total Material
     Flux                                 0.0534023 +/- 0.0031941
 Incoming Energy [8.025912079660738, 8.493691011280191)
   Total Material
     Flux                                 0.0520851 +/- 0.00379143
 Incoming Energy [8.493691011280191, 8.988733776180544)
   Total Material
     Flux                                 0.0534786 +/- 0.00345602
 Incoming Energy [8.988733776180544, 9.512629408315497)
   Total Material
     Flux                                 0.0509786 +/- 0.00294695
 Incoming Energy [9.512629408315497, 10.06705955623478)
   Total Material
     Flux                                 0.0518915 +/- 0.00366203
 Incoming Energy [10.06705955623478, 10.653803880994934)
   Total Material
     Flux                                 0.0545575 +/- 0.00382028
 Incoming Energy [10.653803880994934, 11.27474576867951)
   Total Material
     Flux                                 0.0543438 +/- 0.00379337
 Incoming Energy [11.27474576867951, 11.931878375865606)
   Total Material
     Flux                                 0.0529851 +/- 0.00326426
 Incoming Energy [11.931878375865606, 12.627311027441774)
   Total Material
     Flux                                 0.0547209 +/- 0.00347195
 Incoming Energy [12.627311027441774, 13.363275987313688)
   Total Material
     Flux                                 0.0532967 +/- 0.00359543
 Incoming Energy [13.363275987313688, 14.142135623730951)
   Total Material
     Flux                                 0.0555249 +/- 0.00320272
 Incoming Energy [14.142135623730951, 14.966389992234562)
   Total Material
     Flux                                 0.0578938 +/- 0.00386105
 Incoming Energy [14.966389992234562, 15.838684860566024)
   Total Material
     Flux                                 0.058235 +/- 0.00340952
 Incoming Energy [15.838684860566024, 16.76182020129679)
   Total Material
     Flux                                 0.0579764 +/- 0.00303017
 Incoming Energy [16.76182020129679, 17.73875917943859)
   Total Material
     Flux                                 0.0606327 +/- 0.0037855
 Incoming Energy [17.73875917943859, 18.772637663884094)
   Total Material
     Flux                                 0.0621246 +/- 0.00366223
 Incoming Energy [18.772637663884094, 19.8667742932081)
   Total Material
     Flux                                 0.0618425 +/- 0.00400697
 Incoming Energy [19.8667742932081, 21.02468112814)
   Total Material
     Flux                                 0.0610956 +/- 0.00351608
 Incoming Energy [21.02468112814, 22.250074924900446)
   Total Material
     Flux                                 0.063317 +/- 0.00294281
 Incoming Energy [22.250074924900446, 23.546889065588402)
   Total Material
     Flux                                 0.0657739 +/- 0.0042082
 Incoming Energy [23.546889065588402, 24.919286183914213)
   Total Material
     Flux                                 0.0678526 +/- 0.00337921
 Incoming Energy [24.919286183914213, 26.371671526805173)
   Total Material
     Flux                                 0.0659522 +/- 0.00408148
 Incoming Energy [26.371671526805173, 27.90870709477386)
   Total Material
     Flux                                 0.0691516 +/- 0.00444761
 Incoming Energy [27.90870709477386, 29.53532660643756)
   Total Material
     Flux                                 0.0700233 +/- 0.00350999
 Incoming Energy [29.53532660643756, 31.25675133522358)
   Total Material
     Flux                                 0.0675521 +/- 0.00423328
 Incoming Energy [31.25675133522358, 33.078506869094795)
   Total Material
     Flux                                 0.0691936 +/- 0.00380841
 Incoming Energy [33.078506869094795, 35.00644084709147)
   Total Material
     Flux                                 0.0708322 +/- 0.00403192
 Incoming Energy [35.00644084709147, 37.04674172962297)
   Total Material
     Flux                                 0.0722792 +/- 0.00384108
 Incoming Energy [37.04674172962297, 39.205958662759045)
   Total Material
     Flux                                 0.0717621 +/- 0.00373726
 Incoming Energy [39.205958662759045, 41.491022500283215)
   Total Material
     Flux                                 0.0727679 +/- 0.00386187
 Incoming Energy [41.491022500283215, 43.90926805098722)
   Total Material
     Flux                                 0.0699666 +/- 0.00400107
 Incoming Energy [43.90926805098722, 46.46845762261672)
   Total Material
     Flux                                 0.0750017 +/- 0.00418975
 Incoming Energy [46.46845762261672, 49.17680593804336)
   Total Material
     Flux                                 0.0732972 +/- 0.00413098
 Incoming Energy [49.17680593804336, 52.04300650364032)
   Total Material
     Flux                                 0.0772664 +/- 0.00337135
 Incoming Energy [52.04300650364032, 55.07625951450127)
   Total Material
     Flux                                 0.0742839 +/- 0.0044081
 Incoming Energy [55.07625951450127, 58.28630138607608)
   Total Material
     Flux                                 0.0758851 +/- 0.0036228
 Incoming Energy [58.28630138607608, 61.683436007015096)
   Total Material
     Flux                                 0.0807843 +/- 0.00435977
 Incoming Energy [61.683436007015096, 65.2785678135422)
   Total Material
     Flux                                 0.0804763 +/- 0.003663
 Incoming Energy [65.2785678135422, 69.08323679152052)
   Total Material
     Flux                                 0.0838577 +/- 0.00461787
 Incoming Energy [69.08323679152052, 73.10965551856394)
   Total Material
     Flux                                 0.0815399 +/- 0.00458117
 Incoming Energy [73.10965551856394, 77.3707483650963)
   Total Material
     Flux                                 0.0802321 +/- 0.00419057
 Incoming Energy [77.3707483650963, 81.88019298018759)
   Total Material
     Flux                                 0.0834966 +/- 0.0045496
 Incoming Energy [81.88019298018759, 86.65246419533474)
   Total Material
     Flux                                 0.0852934 +/- 0.00455225
 Incoming Energy [86.65246419533474, 91.70288048711151)
   Total Material
     Flux                                 0.0865598 +/- 0.00465219
 Incoming Energy [91.70288048711151, 97.0476531478281)
   Total Material
     Flux                                 0.08701 +/- 0.00402251
 Incoming Energy [97.0476531478281, 102.70393832203415)
   Total Material
     Flux                                 0.0864873 +/- 0.00408279
 Incoming Energy [102.70393832203415, 108.68989207589362)
   Total Material
     Flux                                 0.0865155 +/- 0.00409809
 Incoming Energy [108.68989207589362, 115.0247286762024)
   Total Material
     Flux                                 0.0934568 +/- 0.00508084
 Incoming Energy [115.0247286762024, 121.72878226611486)
   Total Material
     Flux                                 0.0891768 +/- 0.00433986
 Incoming Energy [121.72878226611486, 128.82357213555298)
   Total Material
     Flux                                 0.0969776 +/- 0.00539328
 Incoming Energy [128.82357213555298, 136.33187179581014)
   Total Material
     Flux                                 0.0986616 +/- 0.0053074
 Incoming Energy [136.33187179581014, 144.27778208006782)
   Total Material
     Flux                                 0.0980829 +/- 0.00534834
 Incoming Energy [144.27778208006782, 152.6868085044753)
   Total Material
     Flux                                 0.100678 +/- 0.00481523
 Incoming Energy [152.6868085044753, 161.58594313810892)
   Total Material
     Flux                                 0.102914 +/- 0.00568557
 Incoming Energy [161.58594313810892, 171.0037512446062)
   Total Material
     Flux                                 0.100683 +/- 0.00616445
 Incoming Energy [171.0037512446062, 180.97046297358665)
   Total Material
     Flux                                 0.105464 +/- 0.00535182
 Incoming Energy [180.97046297358665, 191.5180703961739)
   Total Material
     Flux                                 0.105461 +/- 0.00469858
 Incoming Energy [191.5180703961739, 202.68043019609937)
   Total Material
     Flux                                 0.110312 +/- 0.00424555
 Incoming Energy [202.68043019609937, 214.49337234601015)
   Total Material
     Flux                                 0.116891 +/- 0.00502204
 Incoming Energy [214.49337234601015, 226.99481511782128)
   Total Material
     Flux                                 0.120423 +/- 0.00562928
 Incoming Energy [226.99481511782128, 240.22488679628626)
   Total Material
     Flux                                 0.115094 +/- 0.00503869
 Incoming Energy [240.22488679628626, 254.22605448646618)
   Total Material
     Flux                                 0.116696 +/- 0.00448151
 Incoming Energy [254.22605448646618, 269.0432604285645)
   Total Material
     Flux                                 0.125558 +/- 0.00543007
 Incoming Energy [269.0432604285645, 284.72406625767695)
   Total Material
     Flux                                 0.13937 +/- 0.00602445
 Incoming Energy [284.72406625767695, 301.3188056715166)
   Total Material
     Flux                                 0.107155 +/- 0.00537178
 Incoming Energy [301.3188056715166, 318.88074599616436)
   Total Material
     Flux                                 0.136748 +/- 0.00613652
 Incoming Energy [318.88074599616436, 337.4662591684448)
   Total Material
     Flux                                 0.141909 +/- 0.00545512
 Incoming Energy [337.4662591684448, 357.1350026837739)
   Total Material
     Flux                                 0.143075 +/- 0.00774513
 Incoming Energy [357.1350026837739, 377.9501110902926)
   Total Material
     Flux                                 0.149004 +/- 0.00542116
 Incoming Energy [377.9501110902926, 399.97839864396553)
   Total Material
     Flux                                 0.158392 +/- 0.00633941
 Incoming Energy [399.97839864396553, 423.2905737751492)
   Total Material
     Flux                                 0.158392 +/- 0.00541757
 Incoming Energy [423.2905737751492, 447.96146605503253)
   Total Material
     Flux                                 0.166978 +/- 0.00658378
 Incoming Energy [447.96146605503253, 474.0702663905035)
   Total Material
     Flux                                 0.165048 +/- 0.00528151
 Incoming Energy [474.0702663905035, 501.7007812184298)
   Total Material
     Flux                                 0.172292 +/- 0.0053263
 Incoming Energy [501.7007812184298, 530.9417015152933)
   Total Material
     Flux                                 0.176382 +/- 0.00595045
 Incoming Energy [530.9417015152933, 561.8868874856754)
   Total Material
     Flux                                 0.182221 +/- 0.00663085
 Incoming Energy [561.8868874856754, 594.6356698433983)
   Total Material
     Flux                                 0.18941 +/- 0.00653256
 Incoming Energy [594.6356698433983, 629.293168652421)
   Total Material
     Flux                                 0.195143 +/- 0.00656411
 Incoming Energy [629.293168652421, 665.9706307509209)
   Total Material
     Flux                                 0.211519 +/- 0.00809237
 Incoming Energy [665.9706307509209, 704.7857868416609)
   Total Material
     Flux                                 0.195996 +/- 0.00601934
 Incoming Energy [704.7857868416609, 745.8632293948696)
   Total Material
     Flux                                 0.217235 +/- 0.00500785
 Incoming Energy [745.8632293948696, 789.3348125766423)
   Total Material
     Flux                                 0.220932 +/- 0.00503856
 Incoming Energy [789.3348125766423, 835.3400754866182)
   Total Material
     Flux                                 0.225776 +/- 0.00577102
 Incoming Energy [835.3400754866182, 884.0266900634576)
   Total Material
     Flux                                 0.228846 +/- 0.00733593
 Incoming Energy [884.0266900634576, 935.550935095859)
   Total Material
     Flux                                 0.23821 +/- 0.00705058
 Incoming Energy [935.550935095859, 990.0781978606437)
   Total Material
     Flux                                 0.251659 +/- 0.00768294
 Incoming Energy [990.0781978606437, 1047.7835049980924)
   Total Material
     Flux                                 0.25025 +/- 0.00670161
 Incoming Energy [1047.7835049980924, 1108.8520843286042)
   Total Material
     Flux                                 0.249069 +/- 0.00849361
 Incoming Energy [1108.8520843286042, 1173.4799594140666)
   Total Material
     Flux                                 0.27265 +/- 0.00764375
 Incoming Energy [1173.4799594140666, 1241.8745787723658)
   Total Material
     Flux                                 0.290921 +/- 0.00544777
 Incoming Energy [1241.8745787723658, 1314.255481764768)
   Total Material
     Flux                                 0.28801 +/- 0.00579106
 Incoming Energy [1314.255481764768, 1390.8550032936585)
   Total Material
     Flux                                 0.308263 +/- 0.00736943
 Incoming Energy [1390.8550032936585, 1471.9190195725107)
   Total Material
     Flux                                 0.326819 +/- 0.00659621
 Incoming Energy [1471.9190195725107, 1557.7077373620855)
   Total Material
     Flux                                 0.308486 +/- 0.00397
 Incoming Energy [1557.7077373620855, 1648.4965292060924)
   Total Material
     Flux                                 0.32611 +/- 0.00408075
 Incoming Energy [1648.4965292060924, 1744.576817347371)
   Total Material
     Flux                                 0.349892 +/- 0.00517373
 Incoming Energy [1744.576817347371, 1846.2570091619498)
   Total Material
     Flux                                 0.369991 +/- 0.00606094
 Incoming Energy [1846.2570091619498, 1953.8634871134473)
   Total Material
     Flux                                 0.384829 +/- 0.00882781
 Incoming Energy [1953.8634871134473, 2067.7416564056766)
   Total Material
     Flux                                 0.394819 +/- 0.00661711
 Incoming Energy [2067.7416564056766, 2188.2570536961243)
   Total Material
     Flux                                 0.411155 +/- 0.00666603
 Incoming Energy [2188.2570536961243, 2315.796520429223)
   Total Material
     Flux                                 0.389238 +/- 0.00548839
 Incoming Energy [2315.796520429223, 2450.7694445557804)
   Total Material
     Flux                                 0.421807 +/- 0.00647796
 Incoming Energy [2450.7694445557804, 2593.609074624133)
   Total Material
     Flux                                 0.450427 +/- 0.00910232
 Incoming Energy [2593.609074624133, 2744.773910461387)
   Total Material
     Flux                                 0.403075 +/- 0.00500813
 Incoming Energy [2744.773910461387, 2904.749174908452)
   Total Material
     Flux                                 0.451257 +/- 0.00623292
 Incoming Energy [2904.749174908452, 3074.0483713330595)
   Total Material
     Flux                                 0.487641 +/- 0.00629714
 Incoming Energy [3074.0483713330595, 3253.2149319203436)
   Total Material
     Flux                                 0.525246 +/- 0.0053169
 Incoming Energy [3253.2149319203436, 3442.8239620315253)
   Total Material
     Flux                                 0.544368 +/- 0.00583666
 Incoming Energy [3442.8239620315253, 3643.4840862302663)
   Total Material
     Flux                                 0.584619 +/- 0.00777279
 Incoming Energy [3643.4840862302663, 3855.8394019019247)
   Total Material
     Flux                                 0.619947 +/- 0.00764854
 Incoming Energy [3855.8394019019247, 4080.5715467367395)
   Total Material
     Flux                                 0.546026 +/- 0.00746325
 Incoming Energy [4080.5715467367395, 4318.401886713502)
   Total Material
     Flux                                 0.602754 +/- 0.00838583
 Incoming Energy [4318.401886713502, 4570.093831606522)
   Total Material
     Flux                                 0.650009 +/- 0.00856816
 Incoming Energy [4570.093831606522, 4836.455285448892)
   Total Material
     Flux                                 0.635422 +/- 0.00913151
 Incoming Energy [4836.455285448892, 5118.341239817365)
   Total Material
     Flux                                 0.68321 +/- 0.00837661
 Incoming Energy [5118.341239817365, 5416.656518263159)
   Total Material
     Flux                                 0.734597 +/- 0.00931403
 Incoming Energy [5416.656518263159, 5732.358680698247)
   Total Material
     Flux                                 0.704091 +/- 0.00981467
 Incoming Energy [5732.358680698247, 6066.461097059349)
   Total Material
     Flux                                 0.723354 +/- 0.00693571
 Incoming Energy [6066.461097059349, 6420.036200116452)
   Total Material
     Flux                                 0.761803 +/- 0.0103874
 Incoming Energy [6420.036200116452, 6794.218927866411)
   Total Material
     Flux                                 0.845044 +/- 0.0114697
 Incoming Energy [6794.218927866411, 7190.210366561592)
   Total Material
     Flux                                 0.760718 +/- 0.010617
 Incoming Energy [7190.210366561592, 7609.28160606757)
   Total Material
     Flux                                 0.768501 +/- 0.0105275
 Incoming Energy [7609.28160606757, 8052.777819924446)
   Total Material
     Flux                                 0.774133 +/- 0.0100187
 Incoming Energy [8052.777819924446, 8522.12258320924)
   Total Material
     Flux                                 0.80352 +/- 0.0101899
 Incoming Energy [8522.12258320924, 9018.822442058465)
   Total Material
     Flux                                 0.871608 +/- 0.0106789
 Incoming Energy [9018.822442058465, 9544.471749518836)
   Total Material
     Flux                                 0.94541 +/- 0.00931351
 Incoming Energy [9544.471749518836, 10100.757783249082)
   Total Material
     Flux                                 1.00954 +/- 0.0113598
 Incoming Energy [10100.757783249082, 10689.46616149918)
   Total Material
     Flux                                 1.05146 +/- 0.0108761
 Incoming Energy [10689.46616149918, 11312.486574752893)
   Total Material
     Flux                                 1.10963 +/- 0.0144409
 Incoming Energy [11312.486574752893, 11971.81885143056)
   Total Material
     Flux                                 1.11383 +/- 0.0104111
 Incoming Energy [11971.81885143056, 12669.579377122778)
   Total Material
     Flux                                 1.08505 +/- 0.0140655
 Incoming Energy [12669.579377122778, 13408.007887960524)
   Total Material
     Flux                                 1.13964 +/- 0.00930834
 Incoming Energy [13408.007887960524, 14189.47465992649)
   Total Material
     Flux                                 1.188 +/- 0.0155695
 Incoming Energy [14189.47465992649, 15016.488117186047)
   Total Material
     Flux                                 1.1889 +/- 0.012568
 Incoming Energy [15016.488117186047, 15891.702883858483)
   Total Material
     Flux                                 1.0564 +/- 0.0075944
 Incoming Energy [15891.702883858483, 16817.928305074292)
   Total Material
     Flux                                 1.19312 +/- 0.00622795
 Incoming Energy [16817.928305074292, 17798.137464670897)
   Total Material
     Flux                                 1.26322 +/- 0.0131543
 Incoming Energy [17798.137464670897, 18835.476728470996)
   Total Material
     Flux                                 1.34526 +/- 0.0107165
 Incoming Energy [18835.476728470996, 19933.275843778443)
   Total Material
     Flux                                 1.44134 +/- 0.0166548
 Incoming Energy [19933.275843778443, 21095.058627508242)
   Total Material
     Flux                                 1.48168 +/- 0.0161318
 Incoming Energy [21095.058627508242, 22324.554277259027)
   Total Material
     Flux                                 1.54888 +/- 0.0144972
 Incoming Energy [22324.554277259027, 23625.709341636273)
   Total Material
     Flux                                 1.60755 +/- 0.0161387
 Incoming Energy [23625.709341636273, 25002.700388247526)
   Total Material
     Flux                                 1.84866 +/- 0.0222693
 Incoming Energy [25002.700388247526, 26459.94741003519)
   Total Material
     Flux                                 1.91406 +/- 0.0222534
 Incoming Energy [26459.94741003519, 28002.12801297756)
   Total Material
     Flux                                 1.27226 +/- 0.0160016
 Incoming Energy [28002.12801297756, 29634.192430699786)
   Total Material
     Flux                                 1.17609 +/- 0.0147318
 Incoming Energy [29634.192430699786, 31361.37941419145)
   Total Material
     Flux                                 1.52933 +/- 0.0201591
 Incoming Energy [31361.37941419145, 33189.23304763199)
   Total Material
     Flux                                 1.70258 +/- 0.0210454
 Incoming Energy [33189.23304763199, 35123.62054430465)
   Total Material
     Flux                                 1.82903 +/- 0.020346
 Incoming Energy [35123.62054430465, 37170.751079718764)
   Total Material
     Flux                                 1.82904 +/- 0.0216819
 Incoming Energy [37170.751079718764, 39337.19572239392)
   Total Material
     Flux                                 2.01731 +/- 0.0209917
 Incoming Energy [39337.19572239392, 41629.90852628314)
   Total Material
     Flux                                 2.03778 +/- 0.0185837
 Incoming Energy [41629.90852628314, 44056.24885253585)
   Total Material
     Flux                                 1.72934 +/- 0.0176407
 Incoming Energy [44056.24885253585, 46624.004992255526)
   Total Material
     Flux                                 2.03887 +/- 0.0212033
 Incoming Energy [46624.004992255526, 49341.41916607489)
   Total Material
     Flux                                 2.06782 +/- 0.0189787
 Incoming Energy [49341.41916607489, 52217.21398079567)
   Total Material
     Flux                                 1.92882 +/- 0.0162067
 Incoming Energy [52217.21398079567, 55260.62042801835)
   Total Material
     Flux                                 2.11814 +/- 0.0158493
 Incoming Energy [55260.62042801835, 58481.40751462922)
   Total Material
     Flux                                 2.19831 +/- 0.0191441
 Incoming Energy [58481.40751462922, 61889.913620261825)
   Total Material
     Flux                                 2.34264 +/- 0.0247151
 Incoming Energy [61889.913620261825, 65497.07968238135)
   Total Material
     Flux                                 2.23691 +/- 0.0219369
 Incoming Energy [65497.07968238135, 69314.48431551465)
   Total Material
     Flux                                 2.36 +/- 0.0236981
 Incoming Energy [69314.48431551465, 73354.38097735753)
   Total Material
     Flux                                 2.38452 +/- 0.0165187
 Incoming Energy [73354.38097735753, 77629.73730105201)
   Total Material
     Flux                                 2.2932 +/- 0.0147566
 Incoming Energy [77629.73730105201, 82154.2767198938)
   Total Material
     Flux                                 2.03766 +/- 0.0148898
 Incoming Energy [82154.2767198938, 86942.52251807437)
   Total Material
     Flux                                 2.11445 +/- 0.0209489
 Incoming Energy [86942.52251807437, 92009.84444885768)
   Total Material
     Flux                                 2.44985 +/- 0.0265463
 Incoming Energy [92009.84444885768, 97372.50806983514)
   Total Material
     Flux                                 2.46038 +/- 0.0196262
 Incoming Energy [97372.50806983514, 103047.72695361062)
   Total Material
     Flux                                 2.46531 +/- 0.021781
 Incoming Energy [103047.72695361062, 109053.71794151698)
   Total Material
     Flux                                 2.58434 +/- 0.0265016
 Incoming Energy [109053.71794151698, 115409.75961771364)
   Total Material
     Flux                                 2.63751 +/- 0.022442
 Incoming Energy [115409.75961771364, 122136.25419136364)
   Total Material
     Flux                                 2.59055 +/- 0.0242993
 Incoming Energy [122136.25419136364, 129254.79298553085)
   Total Material
     Flux                                 2.7168 +/- 0.0208489
 Incoming Energy [129254.79298553085, 136788.22574299743)
   Total Material
     Flux                                 3.05191 +/- 0.0246454
 Incoming Energy [136788.22574299743, 144760.73397148054)
   Total Material
     Flux                                 2.45327 +/- 0.0180604
 Incoming Energy [144760.73397148054, 153197.90856366622)
   Total Material
     Flux                                 2.63494 +/- 0.0220438
 Incoming Energy [153197.90856366622, 162126.8319412162)
   Total Material
     Flux                                 2.84865 +/- 0.0173145
 Incoming Energy [162126.8319412162, 171576.1649864291)
   Total Material
     Flux                                 2.8218 +/- 0.0175804
 Incoming Energy [171576.1649864291, 181576.23904058)
   Total Material
     Flux                                 3.05298 +/- 0.0245514
 Incoming Energy [181576.23904058, 192159.15326426385)
   Total Material
     Flux                                 2.75122 +/- 0.026781
 Incoming Energy [192159.15326426385, 203358.87767224156)
   Total Material
     Flux                                 2.8657 +/- 0.0317754
 Incoming Energy [203358.87767224156, 215211.36217352576)
   Total Material
     Flux                                 2.94955 +/- 0.0307842
 Incoming Energy [215211.36217352576, 227754.65196672245)
   Total Material
     Flux                                 2.97211 +/- 0.0289565
 Incoming Energy [227754.65196672245, 241029.00966101373)
   Total Material
     Flux                                 2.92786 +/- 0.0185243
 Incoming Energy [241029.00966101373, 255077.04451480263)
   Total Material
     Flux                                 2.93971 +/- 0.0175232
 Incoming Energy [255077.04451480263, 269943.84920684085)
   Total Material
     Flux                                 3.0307 +/- 0.0259249
 Incoming Energy [269943.84920684085, 285677.14457886684)
   Total Material
     Flux                                 2.66634 +/- 0.0188798
 Incoming Energy [285677.14457886684, 302327.4328143757)
   Total Material
     Flux                                 2.89935 +/- 0.0284858
 Incoming Energy [302327.4328143757, 319948.159545179)
   Total Material
     Flux                                 2.85538 +/- 0.0223488
 Incoming Energy [319948.159545179, 338595.88540613494)
   Total Material
     Flux                                 2.68538 +/- 0.0170146
 Incoming Energy [338595.88540613494, 358330.4675886905)
   Total Material
     Flux                                 2.48645 +/- 0.0264038
 Incoming Energy [358330.4675886905, 379215.2519760141)
   Total Material
     Flux                                 1.96698 +/- 0.0229952
 Incoming Energy [379215.2519760141, 401317.27647646767)
   Total Material
     Flux                                 1.99107 +/- 0.0231751
 Incoming Energy [401317.27647646767, 424707.4862080598)
   Total Material
     Flux                                 1.78147 +/- 0.026033
 Incoming Energy [424707.4862080598, 449460.96122464386)
   Total Material
     Flux                                 1.80899 +/- 0.0221872
 Incoming Energy [449460.96122464386, 475657.1575147995)
   Total Material
     Flux                                 2.54291 +/- 0.0276794
 Incoming Energy [475657.1575147995, 503380.16204699164)
   Total Material
     Flux                                 3.31699 +/- 0.0358167
 Incoming Energy [503380.16204699164, 532718.9626796957)
   Total Material
     Flux                                 3.35576 +/- 0.028796
 Incoming Energy [532718.9626796957, 563767.7338028221)
   Total Material
     Flux                                 3.21559 +/- 0.0277492
 Incoming Energy [563767.7338028221, 596626.1386273791)
   Total Material
     Flux                                 3.1052 +/- 0.0299206
 Incoming Energy [596626.1386273791, 631399.6490936391)
   Total Material
     Flux                                 3.05879 +/- 0.0265986
 Incoming Energy [631399.6490936391, 668199.8844246987)
   Total Material
     Flux                                 2.83231 +/- 0.0259466
 Incoming Energy [668199.8844246987, 707144.9694121798)
   Total Material
     Flux                                 2.77752 +/- 0.0286058
 Incoming Energy [707144.9694121798, 748359.9135840663)
   Total Material
     Flux                                 2.47394 +/- 0.0271206
 Incoming Energy [748359.9135840663, 791977.0124718435)
   Total Material
     Flux                                 2.43734 +/- 0.027197
 Incoming Energy [791977.0124718435, 838136.2722648961)
   Total Material
     Flux                                 2.11186 +/- 0.0150147
 Incoming Energy [838136.2722648961, 886985.8592152856)
   Total Material
     Flux                                 1.62405 +/- 0.0109199
 Incoming Energy [886985.8592152856, 938682.5752354843)
   Total Material
     Flux                                 1.38109 +/- 0.0107105
 Incoming Energy [938682.5752354843, 993392.3612155964)
   Total Material
     Flux                                 1.07501 +/- 0.0135471
 Incoming Energy [993392.3612155964, 1051290.829675767)
   Total Material
     Flux                                 1.05382 +/- 0.0132336
 Incoming Energy [1051290.829675767, 1112563.8284634468)
   Total Material
     Flux                                 1.25544 +/- 0.0150612
 Incoming Energy [1112563.8284634468, 1177408.0373049495)
   Total Material
     Flux                                 1.36146 +/- 0.0199762
 Incoming Energy [1177408.0373049495, 1246031.5991262207)
   Total Material
     Flux                                 1.34567 +/- 0.0149636
 Incoming Energy [1246031.5991262207, 1318654.7881691733)
   Total Material
     Flux                                 1.11693 +/- 0.0121918
 Incoming Energy [1318654.7881691733, 1395510.7170483125)
   Total Material
     Flux                                 1.1679 +/- 0.0099909
 Incoming Energy [1395510.7170483125, 1476846.0850171046)
   Total Material
     Flux                                 1.15789 +/- 0.0128603
 Incoming Energy [1476846.0850171046, 1562921.969845991)
   Total Material
     Flux                                 1.03818 +/- 0.011907
 Incoming Energy [1562921.969845991, 1654014.6658539518)
   Total Material
     Flux                                 1.02777 +/- 0.0154987
 Incoming Energy [1654014.6658539518, 1750416.570783459)
   Total Material
     Flux                                 0.96128 +/- 0.0134342
 Incoming Energy [1750416.570783459, 1852437.1243657821)
   Total Material
     Flux                                 0.889936 +/- 0.0142748
 Incoming Energy [1852437.1243657821, 1960403.801589176)
   Total Material
     Flux                                 0.780967 +/- 0.0132619
 Incoming Energy [1960403.801589176, 2074663.1638582961)
   Total Material
     Flux                                 0.787776 +/- 0.0128699
 Incoming Energy [2074663.1638582961, 2195581.9714190345)
   Total Material
     Flux                                 0.787711 +/- 0.0104964
 Incoming Energy [2195581.9714190345, 2323548.360619339)
   Total Material
     Flux                                 0.83589 +/- 0.00851537
 Incoming Energy [2323548.360619339, 2458973.0897851423)
   Total Material
     Flux                                 0.779618 +/- 0.0120527
 Incoming Energy [2458973.0897851423, 2602290.857710323)
   Total Material
     Flux                                 0.703423 +/- 0.0102305
 Incoming Energy [2602290.857710323, 2753961.698992977)
   Total Material
     Flux                                 0.631472 +/- 0.00724488
 Incoming Energy [2753961.698992977, 2914472.460697001)
   Total Material
     Flux                                 0.549371 +/- 0.0103843
 Incoming Energy [2914472.460697001, 3084338.365078642)
   Total Material
     Flux                                 0.486376 +/- 0.0102346
 Incoming Energy [3084338.365078642, 3264104.663394523)
   Total Material
     Flux                                 0.428612 +/- 0.00899288
 Incoming Energy [3264104.663394523, 3454348.386099415)
   Total Material
     Flux                                 0.335895 +/- 0.00772892
 Incoming Energy [3454348.386099415, 3655680.195051801)
   Total Material
     Flux                                 0.285707 +/- 0.00752869
 Incoming Energy [3655680.195051801, 3868746.3436727654)
   Total Material
     Flux                                 0.261807 +/- 0.0041967
 Incoming Energy [3868746.3436727654, 4094230.751349748)
   Total Material
     Flux                                 0.261748 +/- 0.00496416
 Incoming Energy [4094230.751349748, 4332857.198744221)
   Total Material
     Flux                                 0.22299 +/- 0.00526356
 Incoming Energy [4332857.198744221, 4585391.651049606)
   Total Material
     Flux                                 0.183835 +/- 0.00487242
 Incoming Energy [4585391.651049606, 4852644.716656989)
   Total Material
     Flux                                 0.175082 +/- 0.00482933
 Incoming Energy [4852644.716656989, 5135474.249120872)
   Total Material
     Flux                                 0.153823 +/- 0.00361048
 Incoming Energy [5135474.249120872, 5434788.100776524)
   Total Material
     Flux                                 0.132249 +/- 0.00567494
 Incoming Energy [5434788.100776524, 5751547.036848338)
   Total Material
     Flux                                 0.101982 +/- 0.0026963
 Incoming Energy [5751547.036848338, 6086767.819402659)
   Total Material
     Flux                                 0.0934203 +/- 0.00348491
 Incoming Energy [6086767.819402659, 6441526.471044417)
   Total Material
     Flux                                 0.0772787 +/- 0.0033229
 Incoming Energy [6441526.471044417, 6816961.728833966)
   Total Material
     Flux                                 0.0619261 +/- 0.00304577
 Incoming Energy [6816961.728833966, 7214278.699510192)
   Total Material
     Flux                                 0.0513332 +/- 0.00271591
 Incoming Energy [7214278.699510192, 7634752.727753518)
   Total Material
     Flux                                 0.0388548 +/- 0.00261695
 Incoming Energy [7634752.727753518, 8079733.489904895)
   Total Material
     Flux                                 0.033864 +/- 0.00171699
 Incoming Energy [8079733.489904895, 8550649.326281369)
   Total Material
     Flux                                 0.023065 +/- 0.0021028
 Incoming Energy [8550649.326281369, 9049011.825994886)
   Total Material
     Flux                                 0.0186459 +/- 0.00212637
 Incoming Energy [9049011.825994886, 9576420.678990252)
   Total Material
     Flux                                 0.0133465 +/- 0.00189038
 Incoming Energy [9576420.678990252, 10134568.810877798)
   Total Material
     Flux                                 0.00897057 +/- 0.00098236
 Incoming Energy [10134568.810877798, 10725247.817042144)
   Total Material
     Flux                                 0.00775898 +/- 0.000922931
 Incoming Energy [10725247.817042144, 11350353.713470269)
   Total Material
     Flux                                 0.00544756 +/- 0.00100961
 Incoming Energy [11350353.713470269, 12011893.022758922)
   Total Material
     Flux                                 0.004329 +/- 0.000853988
 Incoming Energy [12011893.022758922, 12711989.214835651)
   Total Material
     Flux                                 0.00257411 +/- 0.000657267
 Incoming Energy [12711989.214835651, 13452889.523068901)
   Total Material
     Flux                                 0.000819496 +/- 0.000232954
 Incoming Energy [13452889.523068901, 14236972.157644926)
   Total Material
     Flux                                 0.000434368 +/- 0.00016326
 Incoming Energy [14236972.157644926, 15066753.93936615)
   Total Material
     Flux                                 0.000406649 +/- 0.00015305
 Incoming Energy [15066753.93936615, 15944898.378375264)
   Total Material
     Flux                                 0.000526146 +/- 0.000236701
 Incoming Energy [15944898.378375264, 16874224.2237354)
   Total Material
     Flux                                 0.000155851 +/- 0.000114147
 Incoming Energy [16874224.2237354, 17857714.511311464)
   Total Material
     Flux                                 2.89285e-05 +/- 2.89285e-05
 Incoming Energy [17857714.511311464, 18898526.13899377)
   Total Material
     Flux                                 0 +/- 0
 Incoming Energy [18898526.13899377, 20000000.000000004)
   Total Material
     Flux                                 7.39942e-05 +/- 6.54592e-05
 ======================>     TALLY 2: FISS_RATE     <=======================

 Total Material
   Fission Rate                         0.371054 +/- 0.00102011
 =====================>     TALLY 3: NEU_FISSION     <======================

 Total Material
   Nu-Fission Rate                      1.08798 +/- 0.00287928
