 ============================>     TALLY 6     <============================

 Distributed Cell u14->c52->l13(0,-4)->u4->c7
   Total Material
     Fission Rate                         0.00228532 +/- 6.44067e-05
 Distributed Cell u14->c52->l13(1,-4)->u4->c7
   Total Material
     Fission Rate                         0.00228748 +/- 4.65999e-05
 Distributed Cell u14->c52->l13(2,-4)->u4->c7
   Total Material
     Fission Rate                         0.00232435 +/- 3.24126e-05
 Distributed Cell u14->c52->l13(3,-4)->u4->c7
   Total Material
     Fission Rate                         0.00241303 +/- 4.22577e-05
 Distributed Cell u14->c52->l13(4,-4)->u4->c7
   Total Material
     Fission Rate                         0.00237826 +/- 4.3728e-05
 Distributed Cell u14->c52->l13(-1,-3)->u4->c7
   Total Material
     Fission Rate                         0.00239415 +/- 5.69845e-05
 Distributed Cell u14->c52->l13(0,-3)->u4->c7
   Total Material
     Fission Rate                         0.00241711 +/- 6.30248e-05
 Distributed Cell u14->c52->l13(1,-3)->u4->c7
   Total Material
     Fission Rate                         0.00245451 +/- 5.6467e-05
 Distributed Cell u14->c52->l13(2,-3)->u4->c7
   Total Material
     Fission Rate                         0.00252097 +/- 6.41732e-05
 Distributed Cell u14->c52->l13(3,-3)->u4->c7
   Total Material
     Fission Rate                         0.00258237 +/- 4.94444e-05
 Distributed Cell u14->c52->l13(4,-3)->u4->c7
   Total Material
     Fission Rate                         0.00244509 +/- 5.38361e-05
 Distributed Cell u14->c52->l13(-2,-2)->u4->c7
   Total Material
     Fission Rate                         0.00238844 +/- 5.04721e-05
 Distributed Cell u14->c52->l13(-1,-2)->u4->c7
   Total Material
     Fission Rate                         0.00249078 +/- 6.94501e-05
 Distributed Cell u14->c52->l13(0,-2)->u4->c7
   Total Material
     Fission Rate                         0.0026312 +/- 7.90356e-05
 Distributed Cell u14->c52->l13(2,-2)->u4->c7
   Total Material
     Fission Rate                         0.00266555 +/- 7.42992e-05
 Distributed Cell u14->c52->l13(3,-2)->u4->c7
   Total Material
     Fission Rate                         0.00268045 +/- 5.67015e-05
 Distributed Cell u14->c52->l13(4,-2)->u4->c7
   Total Material
     Fission Rate                         0.00242981 +/- 5.95321e-05
 Distributed Cell u14->c52->l13(-3,-1)->u4->c7
   Total Material
     Fission Rate                         0.00248028 +/- 4.51951e-05
 Distributed Cell u14->c52->l13(-2,-1)->u4->c7
   Total Material
     Fission Rate                         0.0025658 +/- 8.25217e-05
 Distributed Cell u14->c52->l13(-1,-1)->u4->c7
   Total Material
     Fission Rate                         0.00275176 +/- 9.40919e-05
 Distributed Cell u14->c52->l13(0,-1)->u4->c7
   Total Material
     Fission Rate                         0.00277356 +/- 8.67964e-05
 Distributed Cell u14->c52->l13(1,-1)->u4->c7
   Total Material
     Fission Rate                         0.00270732 +/- 9.53959e-05
 Distributed Cell u14->c52->l13(2,-1)->u4->c7
   Total Material
     Fission Rate                         0.00271519 +/- 9.73246e-05
 Distributed Cell u14->c52->l13(3,-1)->u4->c7
   Total Material
     Fission Rate                         0.00256896 +/- 6.94273e-05
 Distributed Cell u14->c52->l13(4,-1)->u4->c7
   Total Material
     Fission Rate                         0.00234154 +/- 5.2407e-05
 Distributed Cell u14->c52->l13(-4,0)->u4->c7
   Total Material
     Fission Rate                         0.00229368 +/- 4.14067e-05
 Distributed Cell u14->c52->l13(-3,0)->u4->c7
   Total Material
     Fission Rate                         0.00256741 +/- 5.17919e-05
 Distributed Cell u14->c52->l13(-1,0)->u4->c7
   Total Material
     Fission Rate                         0.00276552 +/- 8.59954e-05
 Distributed Cell u14->c52->l13(0,0)->u4->c7
   Total Material
     Fission Rate                         0.00283733 +/- 7.24451e-05
 Distributed Cell u14->c52->l13(1,0)->u4->c7
   Total Material
     Fission Rate                         0.00272991 +/- 0.000104799
 Distributed Cell u14->c52->l13(3,0)->u4->c7
   Total Material
     Fission Rate                         0.00237292 +/- 6.18886e-05
 Distributed Cell u14->c52->l13(4,0)->u4->c7
   Total Material
     Fission Rate                         0.00210733 +/- 3.61476e-05
 Distributed Cell u14->c52->l13(-4,1)->u4->c7
   Total Material
     Fission Rate                         0.00245474 +/- 2.86637e-05
 Distributed Cell u14->c52->l13(-3,1)->u4->c7
   Total Material
     Fission Rate                         0.00257111 +/- 7.04046e-05
 Distributed Cell u14->c52->l13(-2,1)->u4->c7
   Total Material
     Fission Rate                         0.00273833 +/- 9.1601e-05
 Distributed Cell u14->c52->l13(-1,1)->u4->c7
   Total Material
     Fission Rate                         0.00275346 +/- 8.82402e-05
 Distributed Cell u14->c52->l13(0,1)->u4->c7
   Total Material
     Fission Rate                         0.00266797 +/- 8.32271e-05
 Distributed Cell u14->c52->l13(1,1)->u4->c7
   Total Material
     Fission Rate                         0.00251349 +/- 8.0183e-05
 Distributed Cell u14->c52->l13(2,1)->u4->c7
   Total Material
     Fission Rate                         0.00239573 +/- 8.21044e-05
 Distributed Cell u14->c52->l13(3,1)->u4->c7
   Total Material
     Fission Rate                         0.00220817 +/- 3.54573e-05
 Distributed Cell u14->c52->l13(-4,2)->u4->c7
   Total Material
     Fission Rate                         0.00246511 +/- 4.38835e-05
 Distributed Cell u14->c52->l13(-3,2)->u4->c7
   Total Material
     Fission Rate                         0.00257868 +/- 6.94012e-05
 Distributed Cell u14->c52->l13(-2,2)->u4->c7
   Total Material
     Fission Rate                         0.00266533 +/- 9.68731e-05
 Distributed Cell u14->c52->l13(0,2)->u4->c7
   Total Material
     Fission Rate                         0.00248829 +/- 7.49795e-05
 Distributed Cell u14->c52->l13(1,2)->u4->c7
   Total Material
     Fission Rate                         0.00243271 +/- 6.47609e-05
 Distributed Cell u14->c52->l13(2,2)->u4->c7
   Total Material
     Fission Rate                         0.00226667 +/- 4.62024e-05
 Distributed Cell u14->c52->l13(-4,3)->u4->c7
   Total Material
     Fission Rate                         0.00240097 +/- 4.578e-05
 Distributed Cell u14->c52->l13(-3,3)->u4->c7
   Total Material
     Fission Rate                         0.00254323 +/- 6.22928e-05
 Distributed Cell u14->c52->l13(-2,3)->u4->c7
   Total Material
     Fission Rate                         0.0026191 +/- 7.38447e-05
 Distributed Cell u14->c52->l13(-1,3)->u4->c7
   Total Material
     Fission Rate                         0.00249276 +/- 6.994e-05
 Distributed Cell u14->c52->l13(0,3)->u4->c7
   Total Material
     Fission Rate                         0.00249567 +/- 5.66871e-05
 Distributed Cell u14->c52->l13(1,3)->u4->c7
   Total Material
     Fission Rate                         0.00232125 +/- 5.82423e-05
 Distributed Cell u14->c52->l13(-4,4)->u4->c7
   Total Material
     Fission Rate                         0.00233671 +/- 6.06979e-05
 Distributed Cell u14->c52->l13(-3,4)->u4->c7
   Total Material
     Fission Rate                         0.00249407 +/- 5.51775e-05
 Distributed Cell u14->c52->l13(-2,4)->u4->c7
   Total Material
     Fission Rate                         0.00248955 +/- 5.85773e-05
 Distributed Cell u14->c52->l13(-1,4)->u4->c7
   Total Material
     Fission Rate                         0.00244858 +/- 4.85105e-05
 Distributed Cell u14->c52->l13(0,4)->u4->c7
   Total Material
     Fission Rate                         0.00229264 +/- 4.47309e-05
 ============================>     TALLY 1     <============================

 Total Material
   heating-local                        7.53794e+07 +/- 143086
